<?xml version="1.0" encoding="UTF-8"?>
<testsuite name="com.example.backend_prueba.BackendPruebaApplicationTests" tests="1" skipped="0" failures="0" errors="0" timestamp="2024-12-18T05:04:27" hostname="carlos-Inspiron-3493" time="0.652">
  <properties/>
  <testcase name="contextLoads()" classname="com.example.backend_prueba.BackendPruebaApplicationTests" time="0.652"/>
  <system-out><![CDATA[00:04:21.370 [Test worker] INFO org.springframework.test.context.support.AnnotationConfigContextLoaderUtils -- Could not detect default configuration classes for test class [com.example.backend_prueba.BackendPruebaApplicationTests]: BackendPruebaApplicationTests does not declare any static, non-private, non-final, nested classes annotated with @Configuration.
00:04:21.508 [Test worker] INFO org.springframework.boot.test.context.SpringBootTestContextBootstrapper -- Found @SpringBootConfiguration com.example.backend_prueba.BackendPruebaApplication for test class com.example.backend_prueba.BackendPruebaApplicationTests

  .   ____          _            __ _ _
 /\\ / ___'_ __ _ _(_)_ __  __ _ \ \ \ \
( ( )\___ | '_ | '_| | '_ \/ _` | \ \ \ \
 \\/  ___)| |_)| | | | | || (_| |  ) ) ) )
  '  |____| .__|_| |_|_| |_\__, | / / / /
 =========|_|==============|___/=/_/_/_/

 :: Spring Boot ::                (v3.4.0)

2024-12-18T00:04:22.017-05:00  INFO 51075 --- [backend_prueba] [    Test worker] c.e.b.BackendPruebaApplicationTests      : Starting BackendPruebaApplicationTests using Java 17.0.13 with PID 51075 (started by carlos in /home/carlos/Diseño/Software/rdts/backenSB)
2024-12-18T00:04:22.020-05:00  INFO 51075 --- [backend_prueba] [    Test worker] c.e.b.BackendPruebaApplicationTests      : No active profile set, falling back to 1 default profile: "default"
2024-12-18T00:04:22.978-05:00  INFO 51075 --- [backend_prueba] [    Test worker] .s.d.r.c.RepositoryConfigurationDelegate : Multiple Spring Data modules found, entering strict repository configuration mode
2024-12-18T00:04:22.980-05:00  INFO 51075 --- [backend_prueba] [    Test worker] .s.d.r.c.RepositoryConfigurationDelegate : Bootstrapping Spring Data JDBC repositories in DEFAULT mode.
2024-12-18T00:04:23.027-05:00  INFO 51075 --- [backend_prueba] [    Test worker] .RepositoryConfigurationExtensionSupport : Spring Data JDBC - Could not safely identify store assignment for repository candidate interface com.example.backend_prueba.repository.TaskRepository; If you want this repository to be a JDBC repository, consider annotating your entities with one of these annotations: org.springframework.data.relational.core.mapping.Table.
2024-12-18T00:04:23.029-05:00  INFO 51075 --- [backend_prueba] [    Test worker] .RepositoryConfigurationExtensionSupport : Spring Data JDBC - Could not safely identify store assignment for repository candidate interface com.example.backend_prueba.repository.UserGroupRepository; If you want this repository to be a JDBC repository, consider annotating your entities with one of these annotations: org.springframework.data.relational.core.mapping.Table.
2024-12-18T00:04:23.031-05:00  INFO 51075 --- [backend_prueba] [    Test worker] .RepositoryConfigurationExtensionSupport : Spring Data JDBC - Could not safely identify store assignment for repository candidate interface com.example.backend_prueba.repository.UserRepository; If you want this repository to be a JDBC repository, consider annotating your entities with one of these annotations: org.springframework.data.relational.core.mapping.Table.
2024-12-18T00:04:23.033-05:00  INFO 51075 --- [backend_prueba] [    Test worker] .s.d.r.c.RepositoryConfigurationDelegate : Finished Spring Data repository scanning in 45 ms. Found 0 JDBC repository interfaces.
2024-12-18T00:04:23.049-05:00  INFO 51075 --- [backend_prueba] [    Test worker] .s.d.r.c.RepositoryConfigurationDelegate : Multiple Spring Data modules found, entering strict repository configuration mode
2024-12-18T00:04:23.051-05:00  INFO 51075 --- [backend_prueba] [    Test worker] .s.d.r.c.RepositoryConfigurationDelegate : Bootstrapping Spring Data JPA repositories in DEFAULT mode.
2024-12-18T00:04:23.104-05:00  INFO 51075 --- [backend_prueba] [    Test worker] .s.d.r.c.RepositoryConfigurationDelegate : Finished Spring Data repository scanning in 45 ms. Found 3 JPA repository interfaces.
2024-12-18T00:04:23.658-05:00  INFO 51075 --- [backend_prueba] [    Test worker] o.hibernate.jpa.internal.util.LogHelper  : HHH000204: Processing PersistenceUnitInfo [name: default]
2024-12-18T00:04:23.706-05:00  INFO 51075 --- [backend_prueba] [    Test worker] org.hibernate.Version                    : HHH000412: Hibernate ORM core version 6.6.2.Final
2024-12-18T00:04:23.742-05:00  INFO 51075 --- [backend_prueba] [    Test worker] o.h.c.internal.RegionFactoryInitiator    : HHH000026: Second-level cache disabled
2024-12-18T00:04:24.079-05:00  INFO 51075 --- [backend_prueba] [    Test worker] o.s.o.j.p.SpringPersistenceUnitInfo      : No LoadTimeWeaver setup: ignoring JPA class transformer
2024-12-18T00:04:24.114-05:00  INFO 51075 --- [backend_prueba] [    Test worker] com.zaxxer.hikari.HikariDataSource       : HikariPool-1 - Starting...
2024-12-18T00:04:24.415-05:00  INFO 51075 --- [backend_prueba] [    Test worker] com.zaxxer.hikari.pool.HikariPool        : HikariPool-1 - Added connection org.postgresql.jdbc.PgConnection@75b363c3
2024-12-18T00:04:24.416-05:00  INFO 51075 --- [backend_prueba] [    Test worker] com.zaxxer.hikari.HikariDataSource       : HikariPool-1 - Start completed.
2024-12-18T00:04:24.451-05:00  WARN 51075 --- [backend_prueba] [    Test worker] org.hibernate.orm.deprecation            : HHH90000025: PostgreSQLDialect does not need to be specified explicitly using 'hibernate.dialect' (remove the property setting and it will be selected by default)
2024-12-18T00:04:24.476-05:00  INFO 51075 --- [backend_prueba] [    Test worker] org.hibernate.orm.connections.pooling    : HHH10001005: Database info:
	Database JDBC URL [Connecting through datasource 'HikariDataSource (HikariPool-1)']
	Database driver: undefined/unknown
	Database version: 12.22
	Autocommit mode: undefined/unknown
	Isolation level: undefined/unknown
	Minimum pool size: undefined/unknown
	Maximum pool size: undefined/unknown
2024-12-18T00:04:25.651-05:00  INFO 51075 --- [backend_prueba] [    Test worker] o.h.e.t.j.p.i.JtaPlatformInitiator       : HHH000489: No JTA platform available (set 'hibernate.transaction.jta.platform' to enable JTA platform integration)
2024-12-18T00:04:25.655-05:00  INFO 51075 --- [backend_prueba] [    Test worker] j.LocalContainerEntityManagerFactoryBean : Initialized JPA EntityManagerFactory for persistence unit 'default'
2024-12-18T00:04:26.291-05:00  WARN 51075 --- [backend_prueba] [    Test worker] JpaBaseConfiguration$JpaWebConfiguration : spring.jpa.open-in-view is enabled by default. Therefore, database queries may be performed during view rendering. Explicitly configure spring.jpa.open-in-view to disable this warning
2024-12-18T00:04:26.828-05:00  WARN 51075 --- [backend_prueba] [    Test worker] .s.s.UserDetailsServiceAutoConfiguration : 

Using generated security password: 0dad5006-8e82-475a-917d-4ba89beec7e4

This generated password is for development use only. Your security configuration must be updated before running your application in production.

2024-12-18T00:04:26.847-05:00  INFO 51075 --- [backend_prueba] [    Test worker] r$InitializeUserDetailsManagerConfigurer : Global AuthenticationManager configured with UserDetailsService bean with name inMemoryUserDetailsManager
2024-12-18T00:04:27.067-05:00  INFO 51075 --- [backend_prueba] [    Test worker] c.e.b.BackendPruebaApplicationTests      : Started BackendPruebaApplicationTests in 5.375 seconds (process running for 6.482)
Hibernate: 
    select
        ug1_0.id,
        ug1_0.name,
        ug1_0.privileges 
    from
        public.user_groups ug1_0 
    where
        ug1_0.name=?
Hibernate: 
    select
        ug1_0.id,
        ug1_0.name,
        ug1_0.privileges 
    from
        public.user_groups ug1_0 
    where
        ug1_0.name=?
]]></system-out>
  <system-err><![CDATA[]]></system-err>
</testsuite>
